<?xml version="1.0" encoding="UTF-8"?>
<!-- Generated by org.testng.reporters.JUnitReportReporter -->
<testsuite skipped="0" hostname="macs-MBP.fios-router.home" name="TestFramework.GetNasaSearch" tests="2" failures="0" timestamp="08 Apr 2019 15:28:38 GMT" time="1.537" errors="0">
  <testcase name="GetSearch" time="0.212" classname="TestFramework.GetNasaSearch"/>
  <testcase name="GetAsset" time="1.325" classname="TestFramework.GetNasaSearch"/>
</testsuite> <!-- TestFramework.GetNasaSearch -->
